<?xml version="1.0" encoding="UTF-8"?>
<!-- Generated by org.testng.reporters.JUnitReportReporter -->
<testsuite skipped="19" hostname="DESKTOP-4L587P7" name="contatrack.ai.Contavision$Contavision2" tests="20" failures="0" timestamp="09 Apr 2021 10:39:03 GMT" time="64.802" errors="1">
  <testcase name="generateBrowser" time="64.802" classname="contatrack.ai.Contavision$Contavision2">
    <error type="org.openqa.selenium.WebDriverException" message="unknown error: net::ERR_NAME_NOT_RESOLVED
  (Session info: chrome=89.0.4389.114)
Build info: version: &#039;3.141.59&#039;, revision: &#039;e82be7d358&#039;, time: &#039;2018-11-14T08:25:48&#039;
System info: host: &#039;DESKTOP-4L587P7&#039;, ip: &#039;192.168.43.237&#039;, os.name: &#039;Windows 10&#039;, os.arch: &#039;amd64&#039;, os.version: &#039;10.0&#039;, java.version: &#039;1.8.0_271&#039;
Driver info: org.openqa.selenium.chrome.ChromeDriver
Capabilities {acceptInsecureCerts: false, browserName: chrome, browserVersion: 89.0.4389.114, chrome: {chromedriverVersion: 88.0.4324.96 (68dba2d8a0b14..., userDataDir: C:\Users\FNSPL\AppData\Loca...}, goog:chromeOptions: {debuggerAddress: localhost:55726}, javascriptEnabled: true, networkConnectionEnabled: false, pageLoadStrategy: normal, platform: WINDOWS, platformName: WINDOWS, proxy: Proxy(), setWindowRect: true, strictFileInteractability: false, timeouts: {implicit: 0, pageLoad: 300000, script: 30000}, unhandledPromptBehavior: dismiss and notify, webauthn:extension:largeBlob: true, webauthn:virtualAuthenticators: true}
Session ID: 080bd56c9dc8d990902864c6e71f8900">
      <![CDATA[org.openqa.selenium.WebDriverException: unknown error: net::ERR_NAME_NOT_RESOLVED
  (Session info: chrome=89.0.4389.114)
Build info: version: '3.141.59', revision: 'e82be7d358', time: '2018-11-14T08:25:48'
System info: host: 'DESKTOP-4L587P7', ip: '192.168.43.237', os.name: 'Windows 10', os.arch: 'amd64', os.version: '10.0', java.version: '1.8.0_271'
Driver info: org.openqa.selenium.chrome.ChromeDriver
Capabilities {acceptInsecureCerts: false, browserName: chrome, browserVersion: 89.0.4389.114, chrome: {chromedriverVersion: 88.0.4324.96 (68dba2d8a0b14..., userDataDir: C:\Users\FNSPL\AppData\Loca...}, goog:chromeOptions: {debuggerAddress: localhost:55726}, javascriptEnabled: true, networkConnectionEnabled: false, pageLoadStrategy: normal, platform: WINDOWS, platformName: WINDOWS, proxy: Proxy(), setWindowRect: true, strictFileInteractability: false, timeouts: {implicit: 0, pageLoad: 300000, script: 30000}, unhandledPromptBehavior: dismiss and notify, webauthn:extension:largeBlob: true, webauthn:virtualAuthenticators: true}
Session ID: 080bd56c9dc8d990902864c6e71f8900
at sun.reflect.NativeConstructorAccessorImpl.newInstance0(Native Method)
at sun.reflect.NativeConstructorAccessorImpl.newInstance(Unknown Source)
at sun.reflect.DelegatingConstructorAccessorImpl.newInstance(Unknown Source)
at java.lang.reflect.Constructor.newInstance(Unknown Source)
at org.openqa.selenium.remote.http.W3CHttpResponseCodec.createException(W3CHttpResponseCodec.java:187)
at org.openqa.selenium.remote.http.W3CHttpResponseCodec.decode(W3CHttpResponseCodec.java:122)
at org.openqa.selenium.remote.http.W3CHttpResponseCodec.decode(W3CHttpResponseCodec.java:49)
at org.openqa.selenium.remote.HttpCommandExecutor.execute(HttpCommandExecutor.java:158)
at org.openqa.selenium.remote.service.DriverCommandExecutor.execute(DriverCommandExecutor.java:83)
at org.openqa.selenium.remote.RemoteWebDriver.execute(RemoteWebDriver.java:552)
at org.openqa.selenium.remote.RemoteWebDriver.get(RemoteWebDriver.java:277)
at contatrack.ai.Contavision$Contavision2.generateBrowser(Contavision.java:29)
at sun.reflect.NativeMethodAccessorImpl.invoke0(Native Method)
at sun.reflect.NativeMethodAccessorImpl.invoke(Unknown Source)
at sun.reflect.DelegatingMethodAccessorImpl.invoke(Unknown Source)
at java.lang.reflect.Method.invoke(Unknown Source)
at org.testng.internal.MethodInvocationHelper.invokeMethod(MethodInvocationHelper.java:124)
at org.testng.internal.MethodInvocationHelper.invokeMethodConsideringTimeout(MethodInvocationHelper.java:59)
at org.testng.internal.Invoker.invokeConfigurationMethod(Invoker.java:458)
at org.testng.internal.Invoker.invokeConfigurations(Invoker.java:222)
at org.testng.internal.Invoker.invokeConfigurations(Invoker.java:142)
at org.testng.TestRunner.beforeRun(TestRunner.java:529)
at org.testng.TestRunner.run(TestRunner.java:497)
at org.testng.SuiteRunner.runTest(SuiteRunner.java:455)
at org.testng.SuiteRunner.runSequentially(SuiteRunner.java:450)
at org.testng.SuiteRunner.privateRun(SuiteRunner.java:415)
at org.testng.SuiteRunner.run(SuiteRunner.java:364)
at org.testng.SuiteRunnerWorker.runSuite(SuiteRunnerWorker.java:52)
at org.testng.SuiteRunnerWorker.run(SuiteRunnerWorker.java:84)
at org.testng.TestNG.runSuitesSequentially(TestNG.java:1208)
at org.testng.TestNG.runSuitesLocally(TestNG.java:1137)
at org.testng.TestNG.runSuites(TestNG.java:1049)
at org.testng.TestNG.run(TestNG.java:1017)
at org.testng.remote.AbstractRemoteTestNG.run(AbstractRemoteTestNG.java:115)
at org.testng.remote.RemoteTestNG.initAndRun(RemoteTestNG.java:251)
at org.testng.remote.RemoteTestNG.main(RemoteTestNG.java:77)
]]>
    </error>
  </testcase> <!-- generateBrowser -->
  <testcase name="NegativeloginUsernameBlank" time="0.000" classname="contatrack.ai.Contavision$Contavision2">
    <skipped/>
  </testcase> <!-- NegativeloginUsernameBlank -->
  <testcase name="NegativeloginPasswordBlank" time="0.000" classname="contatrack.ai.Contavision$Contavision2">
    <skipped/>
  </testcase> <!-- NegativeloginPasswordBlank -->
  <testcase name="Positivelogin" time="0.000" classname="contatrack.ai.Contavision$Contavision2">
    <skipped/>
  </testcase> <!-- Positivelogin -->
  <testcase name="UsernameandPasswordBlank" time="0.000" classname="contatrack.ai.Contavision$Contavision2">
    <skipped/>
  </testcase> <!-- UsernameandPasswordBlank -->
  <testcase name="AttendanceSheet" time="0.000" classname="contatrack.ai.Contavision$Contavision2">
    <skipped/>
  </testcase> <!-- AttendanceSheet -->
  <testcase name="EnterthewrongUsername" time="0.000" classname="contatrack.ai.Contavision$Contavision2">
    <skipped/>
  </testcase> <!-- EnterthewrongUsername -->
  <testcase name="EnterthewrongPassword" time="0.000" classname="contatrack.ai.Contavision$Contavision2">
    <skipped/>
  </testcase> <!-- EnterthewrongPassword -->
  <testcase name="Insight" time="0.000" classname="contatrack.ai.Contavision$Contavision2">
    <skipped/>
  </testcase> <!-- Insight -->
  <testcase name="SelectRestrictedZoneAccess" time="0.000" classname="contatrack.ai.Contavision$Contavision2">
    <skipped/>
  </testcase> <!-- SelectRestrictedZoneAccess -->
  <testcase name="SelectSpeedDetection" time="0.000" classname="contatrack.ai.Contavision$Contavision2">
    <skipped/>
  </testcase> <!-- SelectSpeedDetection -->
  <testcase name="SelectOccupancyMonitor" time="0.000" classname="contatrack.ai.Contavision$Contavision2">
    <skipped/>
  </testcase> <!-- SelectOccupancyMonitor -->
  <testcase name="ROI" time="0.000" classname="contatrack.ai.Contavision$Contavision2">
    <skipped/>
  </testcase> <!-- ROI -->
  <testcase name="ROISelectCamera" time="0.000" classname="contatrack.ai.Contavision$Contavision2">
    <skipped/>
  </testcase> <!-- ROISelectCamera -->
  <testcase name="AddNewROI" time="0.000" classname="contatrack.ai.Contavision$Contavision2">
    <skipped/>
  </testcase> <!-- AddNewROI -->
  <testcase name="ROICameraSelect" time="0.000" classname="contatrack.ai.Contavision$Contavision2">
    <skipped/>
  </testcase> <!-- ROICameraSelect -->
  <testcase name="ClearROI" time="0.000" classname="contatrack.ai.Contavision$Contavision2">
    <skipped/>
  </testcase> <!-- ClearROI -->
  <testcase name="ContaTracing" time="0.000" classname="contatrack.ai.Contavision$Contavision2">
    <skipped/>
  </testcase> <!-- ContaTracing -->
  <testcase name="BreachDataSelect" time="0.000" classname="contatrack.ai.Contavision$Contavision2">
    <skipped/>
  </testcase> <!-- BreachDataSelect -->
  <testcase name="ExportCSV" time="0.000" classname="contatrack.ai.Contavision$Contavision2">
    <skipped/>
  </testcase> <!-- ExportCSV -->
</testsuite> <!-- contatrack.ai.Contavision$Contavision2 -->
